Using pre-set license
Built from '2020.3/staging' branch; Version is '2020.3.18f1 (a7d1c678663c) revision 10998214'; Using compiler version '192528614'; Build Type 'Release'
OS: 'Windows 10 Home; OS build 19043.1237; Version 2009; 64bit' Language: 'zh' Physical Memory: 16205 MB
BatchMode: 1, IsHumanControllingUs: 0, StartBugReporterOnCrash: 0, Is64bit: 1, IsPro: 0

COMMAND LINE ARGUMENTS:
C:\Program Files\Unity\Hub\Editor\2020.3.18f1\Editor\Unity.exe
-adb2
-batchMode
-noUpm
-name
AssetImportWorker0
-projectPath
D:/Unity/Unity_asia_littledinosur_20210917/asia_littledinosur_20210917
-logFile
Logs/AssetImportWorker0.log
-srvPort
49645
Successfully changed project path to: D:/Unity/Unity_asia_littledinosur_20210917/asia_littledinosur_20210917
D:/Unity/Unity_asia_littledinosur_20210917/asia_littledinosur_20210917
Using Asset Import Pipeline V2.
Refreshing native plugins compatible for Editor in 34.07 ms, found 3 plugins.
Preloading 0 native plugins for Editor in 0.00 ms.
Initialize engine version: 2020.3.18f1 (a7d1c678663c)
[Subsystems] Discovering subsystems at path C:/Program Files/Unity/Hub/Editor/2020.3.18f1/Editor/Data/Resources/UnitySubsystems
[Subsystems] Discovering subsystems at path D:/Unity/Unity_asia_littledinosur_20210917/asia_littledinosur_20210917/Assets
GfxDevice: creating device client; threaded=0
Direct3D:
    Version:  Direct3D 11.0 [level 11.1]
    Renderer: NVIDIA GeForce GTX 1650 Ti with Max-Q Design (ID=0x1f95)
    Vendor:   
    VRAM:     3962 MB
    Driver:   30.0.14.9613
Initialize mono
Mono path[0] = 'C:/Program Files/Unity/Hub/Editor/2020.3.18f1/Editor/Data/Managed'
Mono path[1] = 'C:/Program Files/Unity/Hub/Editor/2020.3.18f1/Editor/Data/MonoBleedingEdge/lib/mono/unityjit'
Mono config path = 'C:/Program Files/Unity/Hub/Editor/2020.3.18f1/Editor/Data/MonoBleedingEdge/etc'
Using monoOptions --debugger-agent=transport=dt_socket,embedding=1,server=y,suspend=n,address=127.0.0.1:56504
Begin MonoManager ReloadAssembly
Registering precompiled unity dll's ...
Register platform support module: C:/Program Files/Unity/Hub/Editor/2020.3.18f1/Editor/Data/PlaybackEngines/WebGLSupport/UnityEditor.WebGL.Extensions.dll
Register platform support module: C:/Program Files/Unity/Hub/Editor/2020.3.18f1/Editor/Data/PlaybackEngines/WindowsStandaloneSupport/UnityEditor.WindowsStandalone.Extensions.dll
Registered in 0.002550 seconds.
Native extension for WindowsStandalone target not found
Native extension for WebGL target not found
Refreshing native plugins compatible for Editor in 34.70 ms, found 3 plugins.
Preloading 0 native plugins for Editor in 0.00 ms.
Mono: successfully reloaded assembly
- Completed reload, in  1.402 seconds
Domain Reload Profiling:
	ReloadAssembly (1402ms)
		BeginReloadAssembly (47ms)
			ExecutionOrderSort (0ms)
			DisableScriptedObjects (0ms)
			BackupInstance (0ms)
			ReleaseScriptingObjects (0ms)
			CreateAndSetChildDomain (1ms)
		EndReloadAssembly (335ms)
			LoadAssemblies (45ms)
			RebuildTransferFunctionScriptingTraits (0ms)
			SetupTypeCache (122ms)
			ReleaseScriptCaches (0ms)
			RebuildScriptCaches (26ms)
			SetupLoadedEditorAssemblies (135ms)
				LogAssemblyErrors (0ms)
				InitializePlatformSupportModulesInManaged (4ms)
				SetLoadedEditorAssemblies (0ms)
				RefreshPlugins (35ms)
				BeforeProcessingInitializeOnLoad (7ms)
				ProcessInitializeOnLoadAttributes (65ms)
				ProcessInitializeOnLoadMethodAttributes (24ms)
				AfterProcessingInitializeOnLoad (0ms)
				EditorAssembliesLoaded (0ms)
			ExecutionOrderSort2 (0ms)
			AwakeInstancesAfterBackupRestoration (0ms)
Platform modules already initialized, skipping
Registering precompiled user dll's ...
Registered in 0.001905 seconds.
Begin MonoManager ReloadAssembly
Native extension for WindowsStandalone target not found
Native extension for WebGL target not found
Refreshing native plugins compatible for Editor in 35.35 ms, found 3 plugins.
Preloading 0 native plugins for Editor in 0.00 ms.
Mono: successfully reloaded assembly
- Completed reload, in  0.940 seconds
Domain Reload Profiling:
	ReloadAssembly (941ms)
		BeginReloadAssembly (133ms)
			ExecutionOrderSort (0ms)
			DisableScriptedObjects (3ms)
			BackupInstance (0ms)
			ReleaseScriptingObjects (0ms)
			CreateAndSetChildDomain (15ms)
		EndReloadAssembly (756ms)
			LoadAssemblies (87ms)
			RebuildTransferFunctionScriptingTraits (0ms)
			SetupTypeCache (248ms)
			ReleaseScriptCaches (0ms)
			RebuildScriptCaches (37ms)
			SetupLoadedEditorAssemblies (278ms)
				LogAssemblyErrors (0ms)
				InitializePlatformSupportModulesInManaged (5ms)
				SetLoadedEditorAssemblies (0ms)
				RefreshPlugins (35ms)
				BeforeProcessingInitializeOnLoad (57ms)
				ProcessInitializeOnLoadAttributes (165ms)
				ProcessInitializeOnLoadMethodAttributes (10ms)
				AfterProcessingInitializeOnLoad (6ms)
				EditorAssembliesLoaded (0ms)
			ExecutionOrderSort2 (0ms)
			AwakeInstancesAfterBackupRestoration (5ms)
Platform modules already initialized, skipping
========================================================================
Worker process is ready to serve import requests
Launched and connected shader compiler UnityShaderCompiler.exe after 0.04 seconds
Refreshing native plugins compatible for Editor in 0.43 ms, found 3 plugins.
Preloading 0 native plugins for Editor in 0.00 ms.
Unloading 2090 Unused Serialized files (Serialized files now loaded: 0)
System memory in use before: 93.3 MB.
System memory in use after: 93.4 MB.

Unloading 26 unused Assets to reduce memory usage. Loaded Objects now: 2531.
Total: 3.207700 ms (FindLiveObjects: 0.186000 ms CreateObjectMapping: 0.080400 ms MarkObjects: 2.816800 ms  DeleteObjects: 0.123600 ms)

AssetImportParameters requested are different than current active one (requested -> active):
  custom:framework-win-MediaFoundation: 216162199b28c13a410421893ffa2e32 -> 
  custom:video-decoder-ogg-theora: a1e56fd34408186e4bbccfd4996cb3dc -> 
  custom:container-muxer-webm: aa71ff27fc2769a1b78a27578f13a17b -> 
  custom:container-demuxer-webm: 4f35f7cbe854078d1ac9338744f61a02 -> 
  custom:container-demuxer-ogg: 62fdf1f143b41e24485cea50d1cbac27 -> 
  custom:video-encoder-webm-vp8: eb34c28f22e8b96e1ab97ce403110664 -> 
  custom:video-decoder-webm-vp8: 9c59270c3fd7afecdb556c50c9e8de78 -> 
  custom:audio-decoder-ogg-vorbis: bf7c407c2cedff20999df2af8eb42d56 -> 
  custom:audio-encoder-webm-vorbis: bf7c407c2cedff20999df2af8eb42d56 -> 
========================================================================
Received Import Request.
  path: Assets/材質球/遊戲場景.mat
  artifactKey: Guid(ec1c3803be760f44ca212c0e843b25af) Importer(815301076,1909f56bfc062723c751e8b465ee728b)
Start importing Assets/材質球/遊戲場景.mat using Guid(ec1c3803be760f44ca212c0e843b25af) Importer(815301076,1909f56bfc062723c751e8b465ee728b)  -> (artifact id: 'b0b24b54607569b91c928d2ae4305757') in 0.095214 seconds 
  Import took 0.098221 seconds .

========================================================================
Received Import Request.
  Time since last request: 20.989271 seconds.
  path: Assets/Game_sence/遊戲場景.unity
  artifactKey: Guid(14033b2b848198740b1a8d660a700c04) Importer(815301076,1909f56bfc062723c751e8b465ee728b)
Start importing Assets/Game_sence/遊戲場景.unity using Guid(14033b2b848198740b1a8d660a700c04) Importer(815301076,1909f56bfc062723c751e8b465ee728b)  -> (artifact id: '205a82246e07be54c30bfbb65193e843') in 0.001436 seconds 
  Import took 0.004728 seconds .

========================================================================
Received Import Request.
  Time since last request: 7.474050 seconds.
  path: Assets/Game_sence/開始畫面.unity
  artifactKey: Guid(04c75d03e08ebc547aa48bf91eefc21c) Importer(815301076,1909f56bfc062723c751e8b465ee728b)
Start importing Assets/Game_sence/開始畫面.unity using Guid(04c75d03e08ebc547aa48bf91eefc21c) Importer(815301076,1909f56bfc062723c751e8b465ee728b)  -> (artifact id: '50e8eeb05edda7481037bdaae56e255b') in 0.006485 seconds 
  Import took 0.009436 seconds .

========================================================================
Received Import Request.
  Time since last request: 604.128074 seconds.
  path: Assets/palette/地形.prefab
  artifactKey: Guid(706586787d8b28749abe25ef46bdb3e7) Importer(815301076,1909f56bfc062723c751e8b465ee728b)
Start importing Assets/palette/地形.prefab using Guid(706586787d8b28749abe25ef46bdb3e7) Importer(815301076,1909f56bfc062723c751e8b465ee728b)  -> (artifact id: '69f7345aa42ab59f2cb56c32d1051031') in 0.026848 seconds 
  Import took 0.030440 seconds .

========================================================================
Received Import Request.
  Time since last request: 50.835930 seconds.
  path: Assets/palette/地形.prefab
  artifactKey: Guid(706586787d8b28749abe25ef46bdb3e7) Importer(815301076,1909f56bfc062723c751e8b465ee728b)
Start importing Assets/palette/地形.prefab using Guid(706586787d8b28749abe25ef46bdb3e7) Importer(815301076,1909f56bfc062723c751e8b465ee728b)  -> (artifact id: 'd65c5ffe0cc18825b6781ec3971d8eae') in 0.012669 seconds 
  Import took 0.015967 seconds .

========================================================================
Received Import Request.
  Time since last request: 133.994926 seconds.
  path: Assets/Game_sence/遊戲場景.unity
  artifactKey: Guid(14033b2b848198740b1a8d660a700c04) Importer(815301076,1909f56bfc062723c751e8b465ee728b)
Start importing Assets/Game_sence/遊戲場景.unity using Guid(14033b2b848198740b1a8d660a700c04) Importer(815301076,1909f56bfc062723c751e8b465ee728b)  -> (artifact id: '3874678c35b59398a23a3a694cab6fa1') in 0.001362 seconds 
  Import took 0.009324 seconds .

========================================================================
Received Import Request.
  Time since last request: 2.194445 seconds.
  path: Assets/材質球/遊戲場景.mat
  artifactKey: Guid(ec1c3803be760f44ca212c0e843b25af) Importer(815301076,1909f56bfc062723c751e8b465ee728b)
Start importing Assets/材質球/遊戲場景.mat using Guid(ec1c3803be760f44ca212c0e843b25af) Importer(815301076,1909f56bfc062723c751e8b465ee728b)  -> (artifact id: '8d9151323b12ac81499c4bd61524d481') in 0.008525 seconds 
  Import took 0.016894 seconds .

========================================================================
Received Import Request.
  Time since last request: 655.325562 seconds.
  path: Assets/材質球/遊戲場景.mat
  artifactKey: Guid(ec1c3803be760f44ca212c0e843b25af) Importer(815301076,1909f56bfc062723c751e8b465ee728b)
Start importing Assets/材質球/遊戲場景.mat using Guid(ec1c3803be760f44ca212c0e843b25af) Importer(815301076,1909f56bfc062723c751e8b465ee728b)  -> (artifact id: '939346a1f18cd37b7bac6d366846723a') in 0.012393 seconds 
  Import took 0.015948 seconds .

AssetImportWorkerClient::OnTransportError - code=2 error=End of file
