Using pre-set license
Built from '2020.3/staging' branch; Version is '2020.3.18f1 (a7d1c678663c) revision 10998214'; Using compiler version '192528614'; Build Type 'Release'
OS: 'Windows 10 Home; OS build 19043.1288; Version 2009; 64bit' Language: 'zh' Physical Memory: 16205 MB
BatchMode: 1, IsHumanControllingUs: 0, StartBugReporterOnCrash: 0, Is64bit: 1, IsPro: 0

COMMAND LINE ARGUMENTS:
C:\Program Files\Unity\Hub\Editor\2020.3.18f1\Editor\Unity.exe
-adb2
-batchMode
-noUpm
-name
AssetImportWorker0
-projectPath
D:/Unity/Unity_asia_littledinosur_20210917/2Dgames
-logFile
Logs/AssetImportWorker0.log
-srvPort
56728
Successfully changed project path to: D:/Unity/Unity_asia_littledinosur_20210917/2Dgames
D:/Unity/Unity_asia_littledinosur_20210917/2Dgames
Using Asset Import Pipeline V2.
Refreshing native plugins compatible for Editor in 57.61 ms, found 3 plugins.
Preloading 0 native plugins for Editor in 0.00 ms.
Initialize engine version: 2020.3.18f1 (a7d1c678663c)
[Subsystems] Discovering subsystems at path C:/Program Files/Unity/Hub/Editor/2020.3.18f1/Editor/Data/Resources/UnitySubsystems
[Subsystems] Discovering subsystems at path D:/Unity/Unity_asia_littledinosur_20210917/2Dgames/Assets
GfxDevice: creating device client; threaded=0
Direct3D:
    Version:  Direct3D 11.0 [level 11.1]
    Renderer: NVIDIA GeForce GTX 1650 Ti with Max-Q Design (ID=0x1f95)
    Vendor:   
    VRAM:     3962 MB
    Driver:   30.0.14.9613
Initialize mono
Mono path[0] = 'C:/Program Files/Unity/Hub/Editor/2020.3.18f1/Editor/Data/Managed'
Mono path[1] = 'C:/Program Files/Unity/Hub/Editor/2020.3.18f1/Editor/Data/MonoBleedingEdge/lib/mono/unityjit'
Mono config path = 'C:/Program Files/Unity/Hub/Editor/2020.3.18f1/Editor/Data/MonoBleedingEdge/etc'
Using monoOptions --debugger-agent=transport=dt_socket,embedding=1,server=y,suspend=n,address=127.0.0.1:56972
Begin MonoManager ReloadAssembly
Registering precompiled unity dll's ...
Register platform support module: C:/Program Files/Unity/Hub/Editor/2020.3.18f1/Editor/Data/PlaybackEngines/WebGLSupport/UnityEditor.WebGL.Extensions.dll
Register platform support module: C:/Program Files/Unity/Hub/Editor/2020.3.18f1/Editor/Data/PlaybackEngines/WindowsStandaloneSupport/UnityEditor.WindowsStandalone.Extensions.dll
Registered in 0.002589 seconds.
Native extension for WindowsStandalone target not found
Native extension for WebGL target not found
Refreshing native plugins compatible for Editor in 56.61 ms, found 3 plugins.
Preloading 0 native plugins for Editor in 0.00 ms.
Mono: successfully reloaded assembly
- Completed reload, in  1.269 seconds
Domain Reload Profiling:
	ReloadAssembly (1270ms)
		BeginReloadAssembly (48ms)
			ExecutionOrderSort (0ms)
			DisableScriptedObjects (0ms)
			BackupInstance (0ms)
			ReleaseScriptingObjects (0ms)
			CreateAndSetChildDomain (1ms)
		EndReloadAssembly (360ms)
			LoadAssemblies (46ms)
			RebuildTransferFunctionScriptingTraits (0ms)
			SetupTypeCache (130ms)
			ReleaseScriptCaches (0ms)
			RebuildScriptCaches (23ms)
			SetupLoadedEditorAssemblies (154ms)
				LogAssemblyErrors (0ms)
				InitializePlatformSupportModulesInManaged (5ms)
				SetLoadedEditorAssemblies (0ms)
				RefreshPlugins (57ms)
				BeforeProcessingInitializeOnLoad (7ms)
				ProcessInitializeOnLoadAttributes (62ms)
				ProcessInitializeOnLoadMethodAttributes (23ms)
				AfterProcessingInitializeOnLoad (0ms)
				EditorAssembliesLoaded (0ms)
			ExecutionOrderSort2 (0ms)
			AwakeInstancesAfterBackupRestoration (0ms)
Platform modules already initialized, skipping
Registering precompiled user dll's ...
Registered in 0.002297 seconds.
Begin MonoManager ReloadAssembly
Native extension for WindowsStandalone target not found
Native extension for WebGL target not found
Refreshing native plugins compatible for Editor in 56.29 ms, found 3 plugins.
Preloading 0 native plugins for Editor in 0.00 ms.
Mono: successfully reloaded assembly
- Completed reload, in  0.993 seconds
Domain Reload Profiling:
	ReloadAssembly (993ms)
		BeginReloadAssembly (128ms)
			ExecutionOrderSort (0ms)
			DisableScriptedObjects (3ms)
			BackupInstance (0ms)
			ReleaseScriptingObjects (0ms)
			CreateAndSetChildDomain (16ms)
		EndReloadAssembly (811ms)
			LoadAssemblies (81ms)
			RebuildTransferFunctionScriptingTraits (0ms)
			SetupTypeCache (261ms)
			ReleaseScriptCaches (0ms)
			RebuildScriptCaches (52ms)
			SetupLoadedEditorAssemblies (317ms)
				LogAssemblyErrors (0ms)
				InitializePlatformSupportModulesInManaged (4ms)
				SetLoadedEditorAssemblies (0ms)
				RefreshPlugins (56ms)
				BeforeProcessingInitializeOnLoad (59ms)
				ProcessInitializeOnLoadAttributes (180ms)
				ProcessInitializeOnLoadMethodAttributes (11ms)
				AfterProcessingInitializeOnLoad (6ms)
				EditorAssembliesLoaded (0ms)
			ExecutionOrderSort2 (0ms)
			AwakeInstancesAfterBackupRestoration (7ms)
Platform modules already initialized, skipping
========================================================================
Worker process is ready to serve import requests
Launched and connected shader compiler UnityShaderCompiler.exe after 0.04 seconds
Refreshing native plugins compatible for Editor in 1.03 ms, found 3 plugins.
Preloading 0 native plugins for Editor in 0.00 ms.
Unloading 2561 Unused Serialized files (Serialized files now loaded: 0)
System memory in use before: 118.2 MB.
System memory in use after: 118.4 MB.

Unloading 27 unused Assets to reduce memory usage. Loaded Objects now: 3003.
Total: 4.259100 ms (FindLiveObjects: 0.285800 ms CreateObjectMapping: 0.177400 ms MarkObjects: 3.701800 ms  DeleteObjects: 0.092800 ms)

AssetImportParameters requested are different than current active one (requested -> active):
  custom:framework-win-MediaFoundation: 216162199b28c13a410421893ffa2e32 -> 
  custom:video-decoder-ogg-theora: a1e56fd34408186e4bbccfd4996cb3dc -> 
  custom:container-muxer-webm: aa71ff27fc2769a1b78a27578f13a17b -> 
  custom:container-demuxer-webm: 4f35f7cbe854078d1ac9338744f61a02 -> 
  custom:container-demuxer-ogg: 62fdf1f143b41e24485cea50d1cbac27 -> 
  custom:video-encoder-webm-vp8: eb34c28f22e8b96e1ab97ce403110664 -> 
  custom:video-decoder-webm-vp8: 9c59270c3fd7afecdb556c50c9e8de78 -> 
  custom:audio-decoder-ogg-vorbis: bf7c407c2cedff20999df2af8eb42d56 -> 
  custom:audio-encoder-webm-vorbis: bf7c407c2cedff20999df2af8eb42d56 -> 
========================================================================
Received Import Request.
  path: Assets/2DGamekit/Art/Sprites/Utilities/BlankSprite.png
  artifactKey: Guid(f7b6513722649314d945ddac9e52b3ac) Importer(815301076,1909f56bfc062723c751e8b465ee728b)
Start importing Assets/2DGamekit/Art/Sprites/Utilities/BlankSprite.png using Guid(f7b6513722649314d945ddac9e52b3ac) Importer(815301076,1909f56bfc062723c751e8b465ee728b)  -> (artifact id: 'd24d227b27dcd6e377f956aa3687ffb4') in 0.086779 seconds 
  Import took 0.092877 seconds .

========================================================================
Received Import Request.
  Time since last request: 0.000249 seconds.
  path: Assets/2DGamekit/Art/Sprites/Utilities/BlankNormal.png
  artifactKey: Guid(48e830063f6751148b2a09a61aebd768) Importer(815301076,1909f56bfc062723c751e8b465ee728b)
Start importing Assets/2DGamekit/Art/Sprites/Utilities/BlankNormal.png using Guid(48e830063f6751148b2a09a61aebd768) Importer(815301076,1909f56bfc062723c751e8b465ee728b)  -> (artifact id: '65b365e0265c003afae8e6388d6a41a7') in 0.019136 seconds 
  Import took 0.023651 seconds .

========================================================================
Received Import Request.
  Time since last request: 17.328149 seconds.
  path: Assets/2DGamekit/Art/Sprites/Environment/Tilesets
  artifactKey: Guid(5a199d0afe6c7844aadb989216f9bcd0) Importer(815301076,1909f56bfc062723c751e8b465ee728b)
Start importing Assets/2DGamekit/Art/Sprites/Environment/Tilesets using Guid(5a199d0afe6c7844aadb989216f9bcd0) Importer(815301076,1909f56bfc062723c751e8b465ee728b)  -> (artifact id: 'e58e830ca1341cf847c2996c513751b8') in 0.006578 seconds 
  Import took 0.010447 seconds .

========================================================================
Received Import Request.
  Time since last request: 0.001497 seconds.
  path: Assets/2DGamekit/Art/Sprites/Environment/Tilesets
  artifactKey: Guid(5a199d0afe6c7844aadb989216f9bcd0) Importer(815301076,1909f56bfc062723c751e8b465ee728b)
Start importing Assets/2DGamekit/Art/Sprites/Environment/Tilesets using Guid(5a199d0afe6c7844aadb989216f9bcd0) Importer(815301076,1909f56bfc062723c751e8b465ee728b)  -> (artifact id: 'e58e830ca1341cf847c2996c513751b8') in 0.001924 seconds 
  Import took 0.007912 seconds .

========================================================================
Received Import Request.
  Time since last request: 219.802109 seconds.
  path: Assets/2DGamekit/Art/Sprites/Environment/Tilesets/Tileset_Alien.png
  artifactKey: Guid(05f0bf62dcfb65a4ebd0402151fc3c11) Importer(815301076,1909f56bfc062723c751e8b465ee728b)
Start importing Assets/2DGamekit/Art/Sprites/Environment/Tilesets/Tileset_Alien.png using Guid(05f0bf62dcfb65a4ebd0402151fc3c11) Importer(815301076,1909f56bfc062723c751e8b465ee728b)  -> (artifact id: 'c57a2d3ce2cfedde769fc61fab82826d') in 0.363092 seconds 
  Import took 0.372088 seconds .

========================================================================
Received Import Request.
  Time since last request: 0.000242 seconds.
  path: Assets/2DGamekit/Art/Sprites/Environment/Tilesets/Tileset_Rock_Normal.png
  artifactKey: Guid(a2a205aeb5f813046aa0a5f7da43d51d) Importer(815301076,1909f56bfc062723c751e8b465ee728b)
Start importing Assets/2DGamekit/Art/Sprites/Environment/Tilesets/Tileset_Rock_Normal.png using Guid(a2a205aeb5f813046aa0a5f7da43d51d) Importer(815301076,1909f56bfc062723c751e8b465ee728b)  -> (artifact id: '29bee0b41316f4de383a2d186c495713') in 0.024430 seconds 
  Import took 0.029449 seconds .

========================================================================
Received Import Request.
  Time since last request: 0.000247 seconds.
  path: Assets/2DGamekit/Art/Sprites/Environment/Tilesets/TilesetRock_WaterBlockers.png
  artifactKey: Guid(19ddc710aa1f2fd44bfe558f9bcf95f7) Importer(815301076,1909f56bfc062723c751e8b465ee728b)
Start importing Assets/2DGamekit/Art/Sprites/Environment/Tilesets/TilesetRock_WaterBlockers.png using Guid(19ddc710aa1f2fd44bfe558f9bcf95f7) Importer(815301076,1909f56bfc062723c751e8b465ee728b)  -> (artifact id: '4e014120ea71feca545e60fe5ede91c6') in 0.051624 seconds 
  Import took 0.055517 seconds .

========================================================================
Received Import Request.
  Time since last request: 0.000167 seconds.
  path: Assets/2DGamekit/Art/Sprites/Environment/Tilesets/TilesetRock_WaterBlockers_Normals.png
  artifactKey: Guid(b501bd5d6c84d2543908bf2a0b643733) Importer(815301076,1909f56bfc062723c751e8b465ee728b)
Start importing Assets/2DGamekit/Art/Sprites/Environment/Tilesets/TilesetRock_WaterBlockers_Normals.png using Guid(b501bd5d6c84d2543908bf2a0b643733) Importer(815301076,1909f56bfc062723c751e8b465ee728b)  -> (artifact id: 'cd20ff98908e70caa80c94cc1913597f') in 0.028008 seconds 
  Import took 0.031753 seconds .

========================================================================
Received Import Request.
  Time since last request: 0.000384 seconds.
  path: Assets/2DGamekit/Art/Sprites/Environment/Tilesets/Tileset_Rock.png
  artifactKey: Guid(6e1db66fc7e57884380659e0a55351f0) Importer(815301076,1909f56bfc062723c751e8b465ee728b)
Start importing Assets/2DGamekit/Art/Sprites/Environment/Tilesets/Tileset_Rock.png using Guid(6e1db66fc7e57884380659e0a55351f0) Importer(815301076,1909f56bfc062723c751e8b465ee728b)  -> (artifact id: '5ff3c2cbbd35f41f594051e04fe6a22b') in 0.402741 seconds 
  Import took 0.410997 seconds .

========================================================================
Received Import Request.
  Time since last request: 0.000193 seconds.
  path: Assets/2DGamekit/Art/Sprites/Environment/Tilesets/Tileset_Alien_Normal.png
  artifactKey: Guid(006db1cacab857d4d94ef991081e7977) Importer(815301076,1909f56bfc062723c751e8b465ee728b)
Start importing Assets/2DGamekit/Art/Sprites/Environment/Tilesets/Tileset_Alien_Normal.png using Guid(006db1cacab857d4d94ef991081e7977) Importer(815301076,1909f56bfc062723c751e8b465ee728b)  -> (artifact id: '79281342ced17fafea18a706aaadf7c9') in 0.020371 seconds 
  Import took 0.025245 seconds .

========================================================================
Received Import Request.
  Time since last request: 9.089918 seconds.
  path: Assets/2DGamekit/Art/Sprites/Environment/ParallaxCaves/CavesBG01.png
  artifactKey: Guid(3bc4a6783b6a2c341bc23a7280ac7289) Importer(815301076,1909f56bfc062723c751e8b465ee728b)
Start importing Assets/2DGamekit/Art/Sprites/Environment/ParallaxCaves/CavesBG01.png using Guid(3bc4a6783b6a2c341bc23a7280ac7289) Importer(815301076,1909f56bfc062723c751e8b465ee728b)  -> (artifact id: '0834c0411770db836f6f7d69cdd8a048') in 0.018257 seconds 
  Import took 0.022814 seconds .

========================================================================
Received Import Request.
  Time since last request: 0.000161 seconds.
  path: Assets/2DGamekit/Art/Sprites/Environment/ParallaxCaves/CavesFGMask02.png
  artifactKey: Guid(3952391064022044da4fe9f7b5b09a62) Importer(815301076,1909f56bfc062723c751e8b465ee728b)
Start importing Assets/2DGamekit/Art/Sprites/Environment/ParallaxCaves/CavesFGMask02.png using Guid(3952391064022044da4fe9f7b5b09a62) Importer(815301076,1909f56bfc062723c751e8b465ee728b)  -> (artifact id: 'ae676f33bddb75771b4c49d55b7de2c7') in 0.025631 seconds 
  Import took 0.029512 seconds .

========================================================================
Received Import Request.
  Time since last request: 0.000167 seconds.
  path: Assets/2DGamekit/Art/Sprites/Environment/ParallaxCaves/CavesFG01.png
  artifactKey: Guid(a62753b01e9a12149816790ea837457a) Importer(815301076,1909f56bfc062723c751e8b465ee728b)
Start importing Assets/2DGamekit/Art/Sprites/Environment/ParallaxCaves/CavesFG01.png using Guid(a62753b01e9a12149816790ea837457a) Importer(815301076,1909f56bfc062723c751e8b465ee728b)  -> (artifact id: '03dc894be0877efe02c3b36464da054f') in 0.027135 seconds 
  Import took 0.031595 seconds .

========================================================================
Received Import Request.
  Time since last request: 0.000210 seconds.
  path: Assets/2DGamekit/Art/Sprites/Environment/ParallaxCaves/CavesMG01.png
  artifactKey: Guid(b76aa331eaf5bcb428b58fabf8e5008a) Importer(815301076,1909f56bfc062723c751e8b465ee728b)
Start importing Assets/2DGamekit/Art/Sprites/Environment/ParallaxCaves/CavesMG01.png using Guid(b76aa331eaf5bcb428b58fabf8e5008a) Importer(815301076,1909f56bfc062723c751e8b465ee728b)  -> (artifact id: 'b6652d30720f20c5329919518bb8701d') in 0.029285 seconds 
  Import took 0.033133 seconds .

========================================================================
Received Import Request.
  Time since last request: 0.000160 seconds.
  path: Assets/2DGamekit/Art/Sprites/Environment/ParallaxCaves/CavesMG03.png
  artifactKey: Guid(d8d5b15cbb3f5a941bbd5539b5e49be2) Importer(815301076,1909f56bfc062723c751e8b465ee728b)
Start importing Assets/2DGamekit/Art/Sprites/Environment/ParallaxCaves/CavesMG03.png using Guid(d8d5b15cbb3f5a941bbd5539b5e49be2) Importer(815301076,1909f56bfc062723c751e8b465ee728b)  -> (artifact id: 'e4dc63f8a7e32f3290613f7504962bec') in 0.030885 seconds 
  Import took 0.034504 seconds .

========================================================================
Received Import Request.
  Time since last request: 0.000205 seconds.
  path: Assets/2DGamekit/Art/Sprites/Environment/ParallaxCaves/CavesFG02.png
  artifactKey: Guid(ffd4bbd5542733e43896c59f7b369543) Importer(815301076,1909f56bfc062723c751e8b465ee728b)
Start importing Assets/2DGamekit/Art/Sprites/Environment/ParallaxCaves/CavesFG02.png using Guid(ffd4bbd5542733e43896c59f7b369543) Importer(815301076,1909f56bfc062723c751e8b465ee728b)  -> (artifact id: '1ca36f71320706b46abc7cbc6da9d682') in 0.028852 seconds 
  Import took 0.032696 seconds .

========================================================================
Received Import Request.
  Time since last request: 0.000231 seconds.
  path: Assets/2DGamekit/Art/Sprites/Environment/ParallaxCaves/CavesFGMask03.png
  artifactKey: Guid(3e8e56145e29c394f9861ce66c2bbe0a) Importer(815301076,1909f56bfc062723c751e8b465ee728b)
Start importing Assets/2DGamekit/Art/Sprites/Environment/ParallaxCaves/CavesFGMask03.png using Guid(3e8e56145e29c394f9861ce66c2bbe0a) Importer(815301076,1909f56bfc062723c751e8b465ee728b)  -> (artifact id: 'b092d934ab84fe5a42110998396bee19') in 0.033052 seconds 
  Import took 0.037624 seconds .

========================================================================
Received Import Request.
  Time since last request: 0.000198 seconds.
  path: Assets/2DGamekit/Art/Sprites/Environment/ParallaxCaves/CavesMG04.png
  artifactKey: Guid(1056549ac5cc50c46b0083822c8cadcf) Importer(815301076,1909f56bfc062723c751e8b465ee728b)
Start importing Assets/2DGamekit/Art/Sprites/Environment/ParallaxCaves/CavesMG04.png using Guid(1056549ac5cc50c46b0083822c8cadcf) Importer(815301076,1909f56bfc062723c751e8b465ee728b)  -> (artifact id: 'e74d9ed6e01238f78d41de04ad345b90') in 0.015212 seconds 
  Import took 0.018758 seconds .

========================================================================
Received Import Request.
  Time since last request: 0.000177 seconds.
  path: Assets/2DGamekit/Art/Sprites/Environment/ParallaxCaves/CavesFGMask01.png
  artifactKey: Guid(c34ca32aad53f4f43afeea982175a8b5) Importer(815301076,1909f56bfc062723c751e8b465ee728b)
Start importing Assets/2DGamekit/Art/Sprites/Environment/ParallaxCaves/CavesFGMask01.png using Guid(c34ca32aad53f4f43afeea982175a8b5) Importer(815301076,1909f56bfc062723c751e8b465ee728b)  -> (artifact id: '852eb6c283ea87a8e876a52630e07bfb') in 0.011785 seconds 
  Import took 0.015506 seconds .

========================================================================
Received Import Request.
  Time since last request: 0.000195 seconds.
  path: Assets/2DGamekit/Art/Sprites/Environment/ParallaxCaves/CavesMG02.png
  artifactKey: Guid(403cfbf9c6b20bb4dbfca621f0b8a31c) Importer(815301076,1909f56bfc062723c751e8b465ee728b)
Start importing Assets/2DGamekit/Art/Sprites/Environment/ParallaxCaves/CavesMG02.png using Guid(403cfbf9c6b20bb4dbfca621f0b8a31c) Importer(815301076,1909f56bfc062723c751e8b465ee728b)  -> (artifact id: 'efe9d669171f9508c7d8c05f22cb490c') in 0.013059 seconds 
  Import took 0.017585 seconds .

========================================================================
Received Import Request.
  Time since last request: 0.000249 seconds.
  path: Assets/2DGamekit/Art/Sprites/Environment/ParallaxCaves/CavesFG03.png
  artifactKey: Guid(c8e56c3853fc6234ca23bd3f61af4681) Importer(815301076,1909f56bfc062723c751e8b465ee728b)
Start importing Assets/2DGamekit/Art/Sprites/Environment/ParallaxCaves/CavesFG03.png using Guid(c8e56c3853fc6234ca23bd3f61af4681) Importer(815301076,1909f56bfc062723c751e8b465ee728b)  -> (artifact id: '3e3ac736e98ad5d9c9fa3015ade7f466') in 0.012353 seconds 
  Import took 0.017037 seconds .

========================================================================
Received Import Request.
  Time since last request: 0.000295 seconds.
  path: Assets/2DGamekit/Art/Sprites/Environment/ParallaxCaves/CavesBG02.png
  artifactKey: Guid(4b5666aaf8525fd41b81d7746d12fb32) Importer(815301076,1909f56bfc062723c751e8b465ee728b)
Start importing Assets/2DGamekit/Art/Sprites/Environment/ParallaxCaves/CavesBG02.png using Guid(4b5666aaf8525fd41b81d7746d12fb32) Importer(815301076,1909f56bfc062723c751e8b465ee728b)  -> (artifact id: 'a8e8bb63962a145773bd608be51ec6ae') in 0.011581 seconds 
  Import took 0.016240 seconds .

========================================================================
Received Import Request.
  Time since last request: 2.980215 seconds.
  path: Assets/2DGamekit/Art/Sprites/Environment/Materials/AlienStatue02.mat
  artifactKey: Guid(dfc5858352314da46ad4b588a8b2b3f7) Importer(815301076,1909f56bfc062723c751e8b465ee728b)
Start importing Assets/2DGamekit/Art/Sprites/Environment/Materials/AlienStatue02.mat using Guid(dfc5858352314da46ad4b588a8b2b3f7) Importer(815301076,1909f56bfc062723c751e8b465ee728b)  -> (artifact id: '6ae7a2d9d3b4c97103bcd85fe888ef4c') in 0.043370 seconds 
  Import took 0.047876 seconds .

AssetImportWorkerClient::OnTransportError - code=2 error=End of file
